2023-09-17 21:19:39 0 [Note] Starting MariaDB 11.1.2-MariaDB source revision 9bc25d98209df6810f7a7d5e7dd3ae677a313ab5 as process 4504
2023-09-17 21:19:39 0 [Note] InnoDB: Compressed tables use zlib 1.2.13
2023-09-17 21:19:39 0 [Note] InnoDB: Number of transaction pools: 1
2023-09-17 21:19:39 0 [Note] InnoDB: Using crc32 + pclmulqdq instructions
2023-09-17 21:19:39 0 [Note] InnoDB: Initializing buffer pool, total size = 0.979GiB, chunk size = 15.672MiB
2023-09-17 21:19:39 0 [Note] InnoDB: Completed initialization of buffer pool
2023-09-17 21:19:39 0 [Note] InnoDB: File system buffers for log disabled (block size=4096 bytes)
2023-09-17 21:19:39 0 [Note] InnoDB: End of log at LSN=47481
2023-09-17 21:19:39 0 [Note] InnoDB: Opened 3 undo tablespaces
2023-09-17 21:19:39 0 [Note] InnoDB: 128 rollback segments in 3 undo tablespaces are active.
2023-09-17 21:19:39 0 [Note] InnoDB: Setting file './ibtmp1' size to 12.000MiB. Physically writing the file full; Please wait ...
2023-09-17 21:19:39 0 [Note] InnoDB: File './ibtmp1' size is now 12.000MiB.
2023-09-17 21:19:39 0 [Note] InnoDB: log sequence number 47481; transaction id 14
2023-09-17 21:19:39 0 [Note] Plugin 'FEEDBACK' is disabled.
2023-09-17 21:19:39 0 [Note] InnoDB: Loading buffer pool(s) from D:\Programas\MariaDB 11.1\data\ib_buffer_pool
2023-09-17 21:19:39 0 [Note] mysqld.exe: SSPI: using principal name 'localhost', mech 'Negotiate'
2023-09-17 21:19:39 0 [Note] InnoDB: Buffer pool(s) load completed at 230917 21:19:39
2023-09-17 21:19:39 0 [Note] Server socket created on IP: '::'.
2023-09-17 21:19:39 0 [Note] Server socket created on IP: '0.0.0.0'.
2023-09-17 21:19:39 0 [Note] mysqld.exe: Event Scheduler: Loaded 0 events
2023-09-17 21:19:39 0 [Note] D:\Programas\MariaDB 11.1\bin\mysqld.exe: ready for connections.
Version: '11.1.2-MariaDB'  socket: ''  port: 3306  mariadb.org binary distribution
2023-09-17 21:23:05 3 [Warning] Access denied for user 'pabce'@'localhost' (using password: NO)
2023-09-19  8:44:54 5 [Warning] Access denied for user 'datauser'@'localhost' (using password: YES)
2023-09-19  8:45:41 6 [Warning] Access denied for user 'datauser'@'localhost' (using password: YES)
2023-09-19  8:46:21 7 [Warning] Access denied for user 'datauser'@'localhost' (using password: YES)
2023-09-19  8:48:17 8 [Warning] Access denied for user 'datauser'@'localhost' (using password: YES)
2023-09-19  8:58:20 9 [Warning] Access denied for user 'datauser'@'localhost' to database 'SEL4C'
2023-09-19  9:03:07 11 [Warning] Access denied for user 'datauser'@'localhost' (using password: YES)
2023-09-19  9:03:17 12 [Warning] Access denied for user 'datauser'@'localhost' (using password: YES)
2023-09-19  9:07:07 13 [Warning] Access denied for user 'root'@'localhost' (using password: YES)
2023-09-19  9:07:13 14 [Warning] Access denied for user 'root'@'localhost' (using password: YES)
2023-09-19  9:07:18 15 [Warning] Access denied for user 'root'@'localhost' (using password: YES)
2023-09-19  9:07:59 16 [Warning] Access denied for user 'root'@'localhost' (using password: YES)
2023-09-19  9:08:04 17 [Warning] Access denied for user 'root'@'localhost' (using password: YES)
2023-09-19  9:13:09 22 [Warning] Aborted connection 22 to db: 'data' user: 'datauser' host: 'localhost' (Got an error reading communication packets)
2023-09-19  9:23:21 24 [Warning] Aborted connection 24 to db: 'data' user: 'datauser' host: 'localhost' (Got an error reading communication packets)
2023-09-20 13:24:43 0 [Note] Windows service "MariaDB":  received SERVICE_CONTROL_STOP
2023-09-20 13:24:43 0 [Note] D:\Programas\MariaDB 11.1\bin\mysqld.exe (initiated by: unknown): Normal shutdown
2023-09-20 13:24:44 0 [Note] InnoDB: FTS optimize thread exiting.
2023-09-20 13:24:45 0 [Note] InnoDB: Starting shutdown...
2023-09-20 13:24:45 0 [Note] InnoDB: Dumping buffer pool(s) to D:\Programas\MariaDB 11.1\data\ib_buffer_pool
2023-09-20 13:24:45 0 [Note] InnoDB: Buffer pool(s) dump completed at 230920 13:24:45
2023-09-20 13:24:47 0 [Note] InnoDB: Removed temporary tablespace data file: "./ibtmp1"
2023-09-20 13:24:47 0 [Note] InnoDB: Shutdown completed; log sequence number 292675; transaction id 359
2023-09-20 13:24:48 0 [Note] D:\Programas\MariaDB 11.1\bin\mysqld.exe: Shutdown complete

2023-09-20 13:46:45 0 [Note] Starting MariaDB 11.1.2-MariaDB source revision 9bc25d98209df6810f7a7d5e7dd3ae677a313ab5 as process 12656
2023-09-20 13:46:46 0 [Note] InnoDB: Compressed tables use zlib 1.2.13
2023-09-20 13:46:46 0 [Note] InnoDB: Number of transaction pools: 1
2023-09-20 13:46:46 0 [Note] InnoDB: Using crc32 + pclmulqdq instructions
2023-09-20 13:46:46 0 [Note] InnoDB: Initializing buffer pool, total size = 0.979GiB, chunk size = 15.672MiB
2023-09-20 13:46:46 0 [Note] InnoDB: Completed initialization of buffer pool
2023-09-20 13:46:46 0 [Note] InnoDB: File system buffers for log disabled (block size=4096 bytes)
2023-09-20 13:46:46 0 [Note] InnoDB: End of log at LSN=292675
2023-09-20 13:46:46 0 [Note] InnoDB: Opened 3 undo tablespaces
2023-09-20 13:46:46 0 [Note] InnoDB: 128 rollback segments in 3 undo tablespaces are active.
2023-09-20 13:46:47 0 [Note] InnoDB: Setting file './ibtmp1' size to 12.000MiB. Physically writing the file full; Please wait ...
2023-09-20 13:46:47 0 [Note] InnoDB: File './ibtmp1' size is now 12.000MiB.
2023-09-20 13:46:47 0 [Note] InnoDB: log sequence number 292675; transaction id 360
2023-09-20 13:46:47 0 [Note] InnoDB: Loading buffer pool(s) from D:\Programas\MariaDB 11.1\data\ib_buffer_pool
2023-09-20 13:46:47 0 [Note] Plugin 'FEEDBACK' is disabled.
2023-09-20 13:46:47 0 [Note] mysqld.exe: SSPI: using principal name 'localhost', mech 'Negotiate'
2023-09-20 13:46:47 0 [Note] InnoDB: Buffer pool(s) load completed at 230920 13:46:47
2023-09-20 13:46:47 0 [Note] Server socket created on IP: '::'.
2023-09-20 13:46:47 0 [Note] Server socket created on IP: '0.0.0.0'.
2023-09-20 13:46:48 0 [Note] mysqld.exe: Event Scheduler: Loaded 0 events
2023-09-20 13:46:48 0 [Note] D:\Programas\MariaDB 11.1\bin\mysqld.exe: ready for connections.
Version: '11.1.2-MariaDB'  socket: ''  port: 3306  mariadb.org binary distribution
2023-09-20 13:48:24 3 [Warning] Access denied for user 'pabce'@'localhost' (using password: NO)
2023-09-20 13:48:52 0 [Note] Starting MariaDB 11.1.2-MariaDB source revision 9bc25d98209df6810f7a7d5e7dd3ae677a313ab5 as process 10536
2023-09-20 13:48:52 0 [ERROR] InnoDB: The data file './ibdata1' must be writable
2023-09-20 13:48:52 0 [ERROR] InnoDB: The data file './ibdata1' must be writable
2023-09-20 13:48:52 0 [ERROR] Plugin 'InnoDB' registration as a STORAGE ENGINE failed.
2023-09-20 13:48:52 0 [Note] Plugin 'FEEDBACK' is disabled.
2023-09-20 13:48:52 0 [Note] mysqld: SSPI: using principal name 'localhost', mech 'Negotiate'
2023-09-20 13:48:52 0 [ERROR] Unknown/unsupported storage engine: InnoDB
2023-09-20 13:48:52 0 [ERROR] Aborting
2023-09-20 13:48:55 4 [Warning] Access denied for user 'pabce'@'localhost' (using password: NO)
2023-09-20 14:33:28 0 [Note] Windows service "MariaDB":  received SERVICE_CONTROL_STOP
2023-09-20 14:33:29 0 [Note] D:\Programas\MariaDB 11.1\bin\mysqld.exe (initiated by: unknown): Normal shutdown
2023-09-20 14:33:29 0 [Note] InnoDB: FTS optimize thread exiting.
2023-09-20 14:33:29 0 [Note] InnoDB: Starting shutdown...
2023-09-20 14:33:29 0 [Note] InnoDB: Dumping buffer pool(s) to D:\Programas\MariaDB 11.1\data\ib_buffer_pool
2023-09-20 14:33:29 0 [Note] InnoDB: Buffer pool(s) dump completed at 230920 14:33:29
2023-09-20 14:33:30 0 [Note] InnoDB: Removed temporary tablespace data file: "./ibtmp1"
2023-09-20 14:33:30 0 [Note] InnoDB: Shutdown completed; log sequence number 292675; transaction id 361
2023-09-20 14:33:30 0 [Note] D:\Programas\MariaDB 11.1\bin\mysqld.exe: Shutdown complete

2023-09-20 14:37:04 0 [Note] Starting MariaDB 11.1.2-MariaDB source revision 9bc25d98209df6810f7a7d5e7dd3ae677a313ab5 as process 9824
2023-09-20 14:37:04 0 [Note] InnoDB: Compressed tables use zlib 1.2.13
2023-09-20 14:37:04 0 [Note] InnoDB: Number of transaction pools: 1
2023-09-20 14:37:04 0 [Note] InnoDB: Using crc32 + pclmulqdq instructions
2023-09-20 14:37:05 0 [Note] InnoDB: Initializing buffer pool, total size = 0.979GiB, chunk size = 15.672MiB
2023-09-20 14:37:05 0 [Note] InnoDB: Completed initialization of buffer pool
2023-09-20 14:37:05 0 [Note] InnoDB: File system buffers for log disabled (block size=4096 bytes)
2023-09-20 14:37:05 0 [Note] InnoDB: End of log at LSN=292675
2023-09-20 14:37:05 0 [Note] InnoDB: Opened 3 undo tablespaces
2023-09-20 14:37:05 0 [Note] InnoDB: 128 rollback segments in 3 undo tablespaces are active.
2023-09-20 14:37:05 0 [Note] InnoDB: Setting file './ibtmp1' size to 12.000MiB. Physically writing the file full; Please wait ...
2023-09-20 14:37:05 0 [Note] InnoDB: File './ibtmp1' size is now 12.000MiB.
2023-09-20 14:37:05 0 [Note] InnoDB: log sequence number 292675; transaction id 360
2023-09-20 14:37:05 0 [Note] Plugin 'FEEDBACK' is disabled.
2023-09-20 14:37:05 0 [Note] InnoDB: Loading buffer pool(s) from D:\Tec\Semestre 2023-2\Integración de seguridad informática en redes y sistemas de software\BackEndSEL4C\SEL4C\data\ib_buffer_pool
2023-09-20 14:37:05 0 [Note] mysqld.exe: SSPI: using principal name 'localhost', mech 'Negotiate'
2023-09-20 14:37:06 0 [Note] Server socket created on IP: '::'.
2023-09-20 14:37:06 0 [Note] Server socket created on IP: '0.0.0.0'.
2023-09-20 14:37:06 0 [Note] mysqld.exe: Event Scheduler: Loaded 0 events
2023-09-20 14:37:06 0 [Note] D:\Programas\MariaDB 11.1\bin\mysqld.exe: ready for connections.
Version: '11.1.2-MariaDB'  socket: ''  port: 3306  mariadb.org binary distribution
2023-09-20 14:37:06 0 [Note] InnoDB: Buffer pool(s) load completed at 230920 14:37:06
2023-09-20 14:41:30 4 [Warning] Access denied for user 'root'@'localhost' (using password: NO)
